{"timestamp":"2026-07-06T17:59:34.912670Z","level":"info","event":"::group::Pre Execute","logger":"task","filename":"task_runner.py","lineno":1926}
{"timestamp":"2026-07-06T17:59:34.932653Z","level":"info","event":"DAG bundles loaded: dags-folder","try_number":1,"task_id":"load_raw_excel","ti_id":"019f3895-6435-7d26-b671-d33dda09eb4b","dag_id":"fmn_sales_pipeline","run_id":"manual__2026-07-06T17:59:02.173029+00:00","map_index":-1,"logger":"airflow.dag_processing.bundles.manager.DagBundlesManager","filename":"manager.py","lineno":209}
{"timestamp":"2026-07-06T17:59:34.936529Z","level":"info","event":"Filling up the DagBag from /opt/airflow/dags/fmn_pipeline.py","try_number":1,"task_id":"load_raw_excel","ti_id":"019f3895-6435-7d26-b671-d33dda09eb4b","dag_id":"fmn_sales_pipeline","run_id":"manual__2026-07-06T17:59:02.173029+00:00","map_index":-1,"logger":"airflow.dag_processing.dagbag.BundleDagBag","filename":"dagbag.py","lineno":469}
{"timestamp":"2026-07-06T17:59:36.412252Z","level":"info","event":"::endgroup::","try_number":1,"task_id":"load_raw_excel","ti_id":"019f3895-6435-7d26-b671-d33dda09eb4b","dag_id":"fmn_sales_pipeline","run_id":"manual__2026-07-06T17:59:02.173029+00:00","map_index":-1,"logger":"task","filename":"task_runner.py","lineno":1727}
{"timestamp":"2026-07-06T17:59:36.561679Z","level":"info","event":"Schema 'raw' ensured to exist.","logger":"task.stdout"}
{"timestamp":"2026-07-06T17:59:48.637074Z","level":"info","event":"Data from sheet 'Transactions' in /opt/airflow/dags/dataset/FMN Data Engineer Assesment Dataset.xlsx ingested into table 'raw.raw_Transactions'.","logger":"task.stdout"}
{"timestamp":"2026-07-06T17:59:48.649062Z","level":"info","event":"Schema 'raw' ensured to exist.","logger":"task.stdout"}
{"timestamp":"2026-07-06T17:59:49.042842Z","level":"info","event":"Data from sheet 'Products' in /opt/airflow/dags/dataset/FMN Data Engineer Assesment Dataset.xlsx ingested into table 'raw.raw_Products'.","logger":"task.stdout"}
{"timestamp":"2026-07-06T17:59:49.044613Z","level":"info","event":"Schema 'raw' ensured to exist.","logger":"task.stdout"}
{"timestamp":"2026-07-06T17:59:49.447165Z","level":"info","event":"Data from sheet 'Distributors' in /opt/airflow/dags/dataset/FMN Data Engineer Assesment Dataset.xlsx ingested into table 'raw.raw_Distributors'.","logger":"task.stdout"}
{"timestamp":"2026-07-06T17:59:49.452303Z","level":"info","event":"Schema 'raw' ensured to exist.","logger":"task.stdout"}
{"timestamp":"2026-07-06T17:59:49.928514Z","level":"info","event":"Data from sheet 'Salespersons' in /opt/airflow/dags/dataset/FMN Data Engineer Assesment Dataset.xlsx ingested into table 'raw.raw_Salespersons'.","logger":"task.stdout"}
{"timestamp":"2026-07-06T17:59:49.934930Z","level":"info","event":"Schema 'raw' ensured to exist.","logger":"task.stdout"}
{"timestamp":"2026-07-06T17:59:50.311022Z","level":"info","event":"Data from sheet 'Monthly_Targets' in /opt/airflow/dags/dataset/FMN Data Engineer Assesment Dataset.xlsx ingested into table 'raw.raw_Monthly_Targets'.","logger":"task.stdout"}
{"timestamp":"2026-07-06T17:59:50.320066Z","level":"info","event":"Schema 'raw' ensured to exist.","logger":"task.stdout"}
{"timestamp":"2026-07-06T17:59:51.028763Z","level":"info","event":"Data from sheet 'Date_Table' in /opt/airflow/dags/dataset/FMN Data Engineer Assesment Dataset.xlsx ingested into table 'raw.raw_Date_Table'.","logger":"task.stdout"}
{"timestamp":"2026-07-06T17:59:51.030092Z","level":"info","event":"✅ Ingested 6 sheets: {'Transactions': 3500, 'Products': 18, 'Distributors': 15, 'Salespersons': 15, 'Monthly_Targets': 360, 'Date_Table': 731}","logger":"task.stdout"}
{"timestamp":"2026-07-06T17:59:51.476060Z","level":"info","event":"Done. Returned value was: Loaded {'Transactions': 3500, 'Products': 18, 'Distributors': 15, 'Salespersons': 15, 'Monthly_Targets': 360, 'Date_Table': 731} rows","try_number":1,"task_id":"load_raw_excel","ti_id":"019f3895-6435-7d26-b671-d33dda09eb4b","dag_id":"fmn_sales_pipeline","run_id":"manual__2026-07-06T17:59:02.173029+00:00","map_index":-1,"logger":"airflow.task.operators.airflow.providers.standard.operators.python.PythonOperator","filename":"python.py","lineno":233}
{"timestamp":"2026-07-06T17:59:51.476481Z","level":"info","event":"::group::Post Execute","try_number":1,"task_id":"load_raw_excel","ti_id":"019f3895-6435-7d26-b671-d33dda09eb4b","dag_id":"fmn_sales_pipeline","run_id":"manual__2026-07-06T17:59:02.173029+00:00","map_index":-1,"logger":"task","filename":"task_runner.py","lineno":1288}
{"timestamp":"2026-07-06T17:59:51.477295Z","level":"info","event":"Pushing xcom","ti":"RuntimeTaskInstance(id=UUID('019f3895-6435-7d26-b671-d33dda09eb4b'), task_id='load_raw_excel', dag_id='fmn_sales_pipeline', run_id='manual__2026-07-06T17:59:02.173029+00:00', try_number=1, dag_version_id=UUID('019f3831-229a-78ba-a9dc-938a0e5b3587'), map_index=-1, hostname='50b5bc0ae13c', context_carrier={'traceparent': '00-69791fe11b65475579729327377b2a72-4832b671bacc828d-01'}, task=<Task(PythonOperator): load_raw_excel>, bundle_instance=LocalDagBundle(name=dags-folder), max_tries=2, start_date=datetime.datetime(2026, 7, 6, 17, 59, 34, 905541, tzinfo=datetime.timezone.utc), end_date=None, state=<TaskInstanceState.RUNNING: 'running'>, is_mapped=False, rendered_map_index=None, sentry_integration='')","try_number":1,"task_id":"load_raw_excel","ti_id":"019f3895-6435-7d26-b671-d33dda09eb4b","dag_id":"fmn_sales_pipeline","run_id":"manual__2026-07-06T17:59:02.173029+00:00","map_index":-1,"logger":"task","filename":"task_runner.py","lineno":1791}
{"timestamp":"2026-07-06T17:59:51.595058Z","level":"info","event":"::endgroup::","try_number":1,"task_id":"load_raw_excel","ti_id":"019f3895-6435-7d26-b671-d33dda09eb4b","dag_id":"fmn_sales_pipeline","run_id":"manual__2026-07-06T17:59:02.173029+00:00","map_index":-1,"logger":"task","filename":"task_runner.py","lineno":1896}
