{"timestamp":"2026-07-06T17:47:26.136022Z","level":"info","event":"::group::Pre Execute","logger":"task","filename":"task_runner.py","lineno":1926}
{"timestamp":"2026-07-06T17:47:26.392415Z","level":"info","event":"DAG bundles loaded: dags-folder","ti_id":"019f3887-f118-7d02-8369-25074492822e","map_index":-1,"task_id":"load_raw_excel","try_number":1,"dag_id":"fmn_sales_pipeline","run_id":"manual__2026-07-06T17:44:20.009775+00:00","logger":"airflow.dag_processing.bundles.manager.DagBundlesManager","filename":"manager.py","lineno":209}
{"timestamp":"2026-07-06T17:47:26.409262Z","level":"info","event":"Filling up the DagBag from /opt/airflow/dags/fmn_pipeline.py","ti_id":"019f3887-f118-7d02-8369-25074492822e","map_index":-1,"task_id":"load_raw_excel","try_number":1,"dag_id":"fmn_sales_pipeline","run_id":"manual__2026-07-06T17:44:20.009775+00:00","logger":"airflow.dag_processing.dagbag.BundleDagBag","filename":"dagbag.py","lineno":469}
{"timestamp":"2026-07-06T17:47:17.864662Z","level":"info","event":"::endgroup::","ti_id":"019f3887-f118-7d02-8369-25074492822e","map_index":-1,"task_id":"load_raw_excel","try_number":1,"dag_id":"fmn_sales_pipeline","run_id":"manual__2026-07-06T17:44:20.009775+00:00","logger":"task","filename":"task_runner.py","lineno":1727}
{"timestamp":"2026-07-06T17:47:18.320782Z","level":"info","event":"Schema 'raw' ensured to exist.","logger":"task.stdout"}
{"timestamp":"2026-07-06T17:47:29.627732Z","level":"info","event":"Data from sheet 'Transactions' in /opt/airflow/dags/dataset/FMN Data Engineer Assesment Dataset.xlsx ingested into table 'raw.raw_Transactions'.","logger":"task.stdout"}
{"timestamp":"2026-07-06T17:47:29.635952Z","level":"info","event":"Schema 'raw' ensured to exist.","logger":"task.stdout"}
{"timestamp":"2026-07-06T17:47:29.948339Z","level":"info","event":"Data from sheet 'Products' in /opt/airflow/dags/dataset/FMN Data Engineer Assesment Dataset.xlsx ingested into table 'raw.raw_Products'.","logger":"task.stdout"}
{"timestamp":"2026-07-06T17:47:29.952782Z","level":"info","event":"Schema 'raw' ensured to exist.","logger":"task.stdout"}
{"timestamp":"2026-07-06T17:47:30.283790Z","level":"info","event":"Data from sheet 'Distributors' in /opt/airflow/dags/dataset/FMN Data Engineer Assesment Dataset.xlsx ingested into table 'raw.raw_Distributors'.","logger":"task.stdout"}
{"timestamp":"2026-07-06T17:47:30.297376Z","level":"info","event":"Schema 'raw' ensured to exist.","logger":"task.stdout"}
{"timestamp":"2026-07-06T17:47:30.686985Z","level":"info","event":"Data from sheet 'Salespersons' in /opt/airflow/dags/dataset/FMN Data Engineer Assesment Dataset.xlsx ingested into table 'raw.raw_Salespersons'.","logger":"task.stdout"}
{"timestamp":"2026-07-06T17:47:30.688933Z","level":"info","event":"Schema 'raw' ensured to exist.","logger":"task.stdout"}
{"timestamp":"2026-07-06T17:47:31.374391Z","level":"info","event":"Data from sheet 'Monthly_Targets' in /opt/airflow/dags/dataset/FMN Data Engineer Assesment Dataset.xlsx ingested into table 'raw.raw_Monthly_Targets'.","logger":"task.stdout"}
{"timestamp":"2026-07-06T17:47:31.387409Z","level":"info","event":"Schema 'raw' ensured to exist.","logger":"task.stdout"}
{"timestamp":"2026-07-06T17:47:35.339924Z","level":"info","event":"Data from sheet 'Date_Table' in /opt/airflow/dags/dataset/FMN Data Engineer Assesment Dataset.xlsx ingested into table 'raw.raw_Date_Table'.","logger":"task.stdout"}
{"timestamp":"2026-07-06T17:47:35.973797Z","level":"info","event":"✅ Ingested 6 sheets: {'Transactions': 3500, 'Products': 18, 'Distributors': 15, 'Salespersons': 15, 'Monthly_Targets': 360, 'Date_Table': 731}","logger":"task.stdout"}
{"timestamp":"2026-07-06T17:47:36.703779Z","level":"info","event":"Done. Returned value was: Loaded {'Transactions': 3500, 'Products': 18, 'Distributors': 15, 'Salespersons': 15, 'Monthly_Targets': 360, 'Date_Table': 731} rows","ti_id":"019f3887-f118-7d02-8369-25074492822e","map_index":-1,"task_id":"load_raw_excel","try_number":1,"dag_id":"fmn_sales_pipeline","run_id":"manual__2026-07-06T17:44:20.009775+00:00","logger":"airflow.task.operators.airflow.providers.standard.operators.python.PythonOperator","filename":"python.py","lineno":233}
{"timestamp":"2026-07-06T17:47:36.704128Z","level":"info","event":"::group::Post Execute","ti_id":"019f3887-f118-7d02-8369-25074492822e","map_index":-1,"task_id":"load_raw_excel","try_number":1,"dag_id":"fmn_sales_pipeline","run_id":"manual__2026-07-06T17:44:20.009775+00:00","logger":"task","filename":"task_runner.py","lineno":1288}
{"timestamp":"2026-07-06T17:47:36.704574Z","level":"info","event":"Pushing xcom","ti":"RuntimeTaskInstance(id=UUID('019f3887-f118-7d02-8369-25074492822e'), task_id='load_raw_excel', dag_id='fmn_sales_pipeline', run_id='manual__2026-07-06T17:44:20.009775+00:00', try_number=1, dag_version_id=UUID('019f3831-229a-78ba-a9dc-938a0e5b3587'), map_index=-1, hostname='50b5bc0ae13c', context_carrier={'traceparent': '00-bc962a253e2212b5d355097ab718175b-f0d66dcd28fae1be-01'}, task=<Task(PythonOperator): load_raw_excel>, bundle_instance=LocalDagBundle(name=dags-folder), max_tries=2, start_date=datetime.datetime(2026, 7, 6, 17, 47, 26, 24948, tzinfo=datetime.timezone.utc), end_date=None, state=<TaskInstanceState.RUNNING: 'running'>, is_mapped=False, rendered_map_index=None, sentry_integration='')","ti_id":"019f3887-f118-7d02-8369-25074492822e","map_index":-1,"task_id":"load_raw_excel","try_number":1,"dag_id":"fmn_sales_pipeline","run_id":"manual__2026-07-06T17:44:20.009775+00:00","logger":"task","filename":"task_runner.py","lineno":1791}
{"timestamp":"2026-07-06T17:47:36.848514Z","level":"info","event":"::endgroup::","ti_id":"019f3887-f118-7d02-8369-25074492822e","map_index":-1,"task_id":"load_raw_excel","try_number":1,"dag_id":"fmn_sales_pipeline","run_id":"manual__2026-07-06T17:44:20.009775+00:00","logger":"task","filename":"task_runner.py","lineno":1896}
