{"timestamp":"2026-07-06T14:46:41.291027Z","level":"info","event":"::group::Pre Execute","logger":"task","filename":"task_runner.py","lineno":1926}
{"timestamp":"2026-07-06T14:46:41.321738Z","level":"info","event":"DAG bundles loaded: dags-folder","task_id":"load_raw_excel","try_number":1,"dag_id":"fmn_sales_pipeline","run_id":"manual__2026-07-06T14:46:18.549316+00:00","map_index":-1,"ti_id":"019f37e4-f1c7-79a3-aaa9-ffb200b8c04a","logger":"airflow.dag_processing.bundles.manager.DagBundlesManager","filename":"manager.py","lineno":209}
{"timestamp":"2026-07-06T14:46:41.325588Z","level":"info","event":"Filling up the DagBag from /opt/airflow/dags/fmn_pipeline.py","task_id":"load_raw_excel","try_number":1,"dag_id":"fmn_sales_pipeline","run_id":"manual__2026-07-06T14:46:18.549316+00:00","map_index":-1,"ti_id":"019f37e4-f1c7-79a3-aaa9-ffb200b8c04a","logger":"airflow.dag_processing.dagbag.BundleDagBag","filename":"dagbag.py","lineno":469}
{"timestamp":"2026-07-06T14:46:44.696266Z","level":"info","event":"::endgroup::","task_id":"load_raw_excel","try_number":1,"dag_id":"fmn_sales_pipeline","run_id":"manual__2026-07-06T14:46:18.549316+00:00","map_index":-1,"ti_id":"019f37e4-f1c7-79a3-aaa9-ffb200b8c04a","logger":"task","filename":"task_runner.py","lineno":1727}
{"timestamp":"2026-07-06T14:46:45.519425Z","level":"info","event":"Schema 'raw' ensured to exist.","logger":"task.stdout"}
{"timestamp":"2026-07-06T14:46:54.825496Z","level":"info","event":"Data from sheet 'Transactions' in /opt/airflow/dags/dataset/FMN Data Engineer Assesment Dataset.xlsx ingested into table 'raw.raw_Transactions'.","logger":"task.stdout"}
{"timestamp":"2026-07-06T14:46:54.827582Z","level":"info","event":"Schema 'raw' ensured to exist.","logger":"task.stdout"}
{"timestamp":"2026-07-06T14:46:55.266916Z","level":"info","event":"Data from sheet 'Products' in /opt/airflow/dags/dataset/FMN Data Engineer Assesment Dataset.xlsx ingested into table 'raw.raw_Products'.","logger":"task.stdout"}
{"timestamp":"2026-07-06T14:46:55.269645Z","level":"info","event":"Schema 'raw' ensured to exist.","logger":"task.stdout"}
{"timestamp":"2026-07-06T14:46:55.669402Z","level":"info","event":"Data from sheet 'Distributors' in /opt/airflow/dags/dataset/FMN Data Engineer Assesment Dataset.xlsx ingested into table 'raw.raw_Distributors'.","logger":"task.stdout"}
{"timestamp":"2026-07-06T14:46:55.708183Z","level":"info","event":"Schema 'raw' ensured to exist.","logger":"task.stdout"}
{"timestamp":"2026-07-06T14:46:56.048245Z","level":"info","event":"Data from sheet 'Salespersons' in /opt/airflow/dags/dataset/FMN Data Engineer Assesment Dataset.xlsx ingested into table 'raw.raw_Salespersons'.","logger":"task.stdout"}
{"timestamp":"2026-07-06T14:46:56.051214Z","level":"info","event":"Schema 'raw' ensured to exist.","logger":"task.stdout"}
{"timestamp":"2026-07-06T14:46:56.437061Z","level":"info","event":"Data from sheet 'Monthly_Targets' in /opt/airflow/dags/dataset/FMN Data Engineer Assesment Dataset.xlsx ingested into table 'raw.raw_Monthly_Targets'.","logger":"task.stdout"}
{"timestamp":"2026-07-06T14:46:56.439129Z","level":"info","event":"Schema 'raw' ensured to exist.","logger":"task.stdout"}
{"timestamp":"2026-07-06T14:46:57.212759Z","level":"info","event":"Data from sheet 'Date_Table' in /opt/airflow/dags/dataset/FMN Data Engineer Assesment Dataset.xlsx ingested into table 'raw.raw_Date_Table'.","logger":"task.stdout"}
{"timestamp":"2026-07-06T14:46:57.214353Z","level":"info","event":"✅ Ingested 6 sheets: {'Transactions': 3500, 'Products': 18, 'Distributors': 15, 'Salespersons': 15, 'Monthly_Targets': 360, 'Date_Table': 731}","logger":"task.stdout"}
{"timestamp":"2026-07-06T14:46:57.414682Z","level":"info","event":"Done. Returned value was: Loaded {'Transactions': 3500, 'Products': 18, 'Distributors': 15, 'Salespersons': 15, 'Monthly_Targets': 360, 'Date_Table': 731} rows","task_id":"load_raw_excel","try_number":1,"dag_id":"fmn_sales_pipeline","run_id":"manual__2026-07-06T14:46:18.549316+00:00","map_index":-1,"ti_id":"019f37e4-f1c7-79a3-aaa9-ffb200b8c04a","logger":"airflow.task.operators.airflow.providers.standard.operators.python.PythonOperator","filename":"python.py","lineno":233}
{"timestamp":"2026-07-06T14:46:57.415263Z","level":"info","event":"::group::Post Execute","task_id":"load_raw_excel","try_number":1,"dag_id":"fmn_sales_pipeline","run_id":"manual__2026-07-06T14:46:18.549316+00:00","map_index":-1,"ti_id":"019f37e4-f1c7-79a3-aaa9-ffb200b8c04a","logger":"task","filename":"task_runner.py","lineno":1288}
{"timestamp":"2026-07-06T14:46:57.415992Z","level":"info","event":"Pushing xcom","ti":"RuntimeTaskInstance(id=UUID('019f37e4-f1c7-79a3-aaa9-ffb200b8c04a'), task_id='load_raw_excel', dag_id='fmn_sales_pipeline', run_id='manual__2026-07-06T14:46:18.549316+00:00', try_number=1, dag_version_id=UUID('019f37cb-4ddf-7340-ab1d-db73aabc28e1'), map_index=-1, hostname='1aabb63c14aa', context_carrier={'traceparent': '00-d2d8c254a0b472687befc6c796623048-ba90dd3c2718ef78-01'}, task=<Task(PythonOperator): load_raw_excel>, bundle_instance=LocalDagBundle(name=dags-folder), max_tries=2, start_date=datetime.datetime(2026, 7, 6, 14, 46, 41, 277630, tzinfo=datetime.timezone.utc), end_date=None, state=<TaskInstanceState.RUNNING: 'running'>, is_mapped=False, rendered_map_index=None, sentry_integration='')","task_id":"load_raw_excel","try_number":1,"dag_id":"fmn_sales_pipeline","run_id":"manual__2026-07-06T14:46:18.549316+00:00","map_index":-1,"ti_id":"019f37e4-f1c7-79a3-aaa9-ffb200b8c04a","logger":"task","filename":"task_runner.py","lineno":1791}
{"timestamp":"2026-07-06T14:46:57.638284Z","level":"info","event":"::endgroup::","task_id":"load_raw_excel","try_number":1,"dag_id":"fmn_sales_pipeline","run_id":"manual__2026-07-06T14:46:18.549316+00:00","map_index":-1,"ti_id":"019f37e4-f1c7-79a3-aaa9-ffb200b8c04a","logger":"task","filename":"task_runner.py","lineno":1896}
