{"timestamp":"2026-07-06T14:24:26.285407Z","level":"info","event":"::group::Pre Execute","logger":"task","filename":"task_runner.py","lineno":1926}
{"timestamp":"2026-07-06T14:24:26.342688Z","level":"info","event":"DAG bundles loaded: dags-folder","map_index":-1,"run_id":"manual__2026-07-06T14:20:58.237252+00:00","task_id":"load_raw_excel","ti_id":"019f37cd-c16d-7e6b-af4f-a833167d5d53","try_number":1,"dag_id":"fmn_sales_pipeline","logger":"airflow.dag_processing.bundles.manager.DagBundlesManager","filename":"manager.py","lineno":209}
{"timestamp":"2026-07-06T14:24:26.346945Z","level":"info","event":"Filling up the DagBag from /opt/airflow/dags/fmn_pipeline.py","map_index":-1,"run_id":"manual__2026-07-06T14:20:58.237252+00:00","task_id":"load_raw_excel","ti_id":"019f37cd-c16d-7e6b-af4f-a833167d5d53","try_number":1,"dag_id":"fmn_sales_pipeline","logger":"airflow.dag_processing.dagbag.BundleDagBag","filename":"dagbag.py","lineno":469}
{"timestamp":"2026-07-06T14:24:30.288791Z","level":"info","event":"::endgroup::","map_index":-1,"run_id":"manual__2026-07-06T14:20:58.237252+00:00","task_id":"load_raw_excel","ti_id":"019f37cd-c16d-7e6b-af4f-a833167d5d53","try_number":1,"dag_id":"fmn_sales_pipeline","logger":"task","filename":"task_runner.py","lineno":1727}
{"timestamp":"2026-07-06T14:24:30.728986Z","level":"info","event":"Schema 'raw' ensured to exist.","logger":"task.stdout"}
{"timestamp":"2026-07-06T14:24:42.631526Z","level":"info","event":"Data from sheet 'Transactions' in /opt/airflow/dags/dataset/FMN Data Engineer Assesment Dataset.xlsx ingested into table 'raw.raw_Transactions'.","logger":"task.stdout"}
{"timestamp":"2026-07-06T14:24:42.636870Z","level":"info","event":"Schema 'raw' ensured to exist.","logger":"task.stdout"}
{"timestamp":"2026-07-06T14:24:43.575974Z","level":"info","event":"Data from sheet 'Products' in /opt/airflow/dags/dataset/FMN Data Engineer Assesment Dataset.xlsx ingested into table 'raw.raw_Products'.","logger":"task.stdout"}
{"timestamp":"2026-07-06T14:24:43.579512Z","level":"info","event":"Schema 'raw' ensured to exist.","logger":"task.stdout"}
{"timestamp":"2026-07-06T14:24:44.631551Z","level":"info","event":"Data from sheet 'Distributors' in /opt/airflow/dags/dataset/FMN Data Engineer Assesment Dataset.xlsx ingested into table 'raw.raw_Distributors'.","logger":"task.stdout"}
{"timestamp":"2026-07-06T14:24:44.645499Z","level":"info","event":"Schema 'raw' ensured to exist.","logger":"task.stdout"}
{"timestamp":"2026-07-06T14:24:45.755505Z","level":"info","event":"Data from sheet 'Salespersons' in /opt/airflow/dags/dataset/FMN Data Engineer Assesment Dataset.xlsx ingested into table 'raw.raw_Salespersons'.","logger":"task.stdout"}
{"timestamp":"2026-07-06T14:24:45.766684Z","level":"info","event":"Schema 'raw' ensured to exist.","logger":"task.stdout"}
{"timestamp":"2026-07-06T14:24:46.477595Z","level":"info","event":"Data from sheet 'Monthly_Targets' in /opt/airflow/dags/dataset/FMN Data Engineer Assesment Dataset.xlsx ingested into table 'raw.raw_Monthly_Targets'.","logger":"task.stdout"}
{"timestamp":"2026-07-06T14:24:46.514419Z","level":"info","event":"Schema 'raw' ensured to exist.","logger":"task.stdout"}
{"timestamp":"2026-07-06T14:24:47.226079Z","level":"info","event":"Data from sheet 'Date_Table' in /opt/airflow/dags/dataset/FMN Data Engineer Assesment Dataset.xlsx ingested into table 'raw.raw_Date_Table'.","logger":"task.stdout"}
{"timestamp":"2026-07-06T14:24:47.227278Z","level":"info","event":"✅ Ingested 6 sheets: {'Transactions': 3500, 'Products': 18, 'Distributors': 15, 'Salespersons': 15, 'Monthly_Targets': 360, 'Date_Table': 731}","logger":"task.stdout"}
{"timestamp":"2026-07-06T14:24:47.354660Z","level":"info","event":"Done. Returned value was: Loaded {'Transactions': 3500, 'Products': 18, 'Distributors': 15, 'Salespersons': 15, 'Monthly_Targets': 360, 'Date_Table': 731} rows","map_index":-1,"run_id":"manual__2026-07-06T14:20:58.237252+00:00","task_id":"load_raw_excel","ti_id":"019f37cd-c16d-7e6b-af4f-a833167d5d53","try_number":1,"dag_id":"fmn_sales_pipeline","logger":"airflow.task.operators.airflow.providers.standard.operators.python.PythonOperator","filename":"python.py","lineno":233}
{"timestamp":"2026-07-06T14:24:47.355212Z","level":"info","event":"::group::Post Execute","map_index":-1,"run_id":"manual__2026-07-06T14:20:58.237252+00:00","task_id":"load_raw_excel","ti_id":"019f37cd-c16d-7e6b-af4f-a833167d5d53","try_number":1,"dag_id":"fmn_sales_pipeline","logger":"task","filename":"task_runner.py","lineno":1288}
{"timestamp":"2026-07-06T14:24:47.355739Z","level":"info","event":"Pushing xcom","ti":"RuntimeTaskInstance(id=UUID('019f37cd-c16d-7e6b-af4f-a833167d5d53'), task_id='load_raw_excel', dag_id='fmn_sales_pipeline', run_id='manual__2026-07-06T14:20:58.237252+00:00', try_number=1, dag_version_id=UUID('019f37cb-4ddf-7340-ab1d-db73aabc28e1'), map_index=-1, hostname='1aabb63c14aa', context_carrier={'traceparent': '00-3f3684da076799c3faaab3c5678e8509-fa63f3442df65192-01'}, task=<Task(PythonOperator): load_raw_excel>, bundle_instance=LocalDagBundle(name=dags-folder), max_tries=2, start_date=datetime.datetime(2026, 7, 6, 14, 24, 25, 980074, tzinfo=datetime.timezone.utc), end_date=None, state=<TaskInstanceState.RUNNING: 'running'>, is_mapped=False, rendered_map_index=None, sentry_integration='')","map_index":-1,"run_id":"manual__2026-07-06T14:20:58.237252+00:00","task_id":"load_raw_excel","ti_id":"019f37cd-c16d-7e6b-af4f-a833167d5d53","try_number":1,"dag_id":"fmn_sales_pipeline","logger":"task","filename":"task_runner.py","lineno":1791}
{"timestamp":"2026-07-06T14:24:47.424391Z","level":"info","event":"::endgroup::","map_index":-1,"run_id":"manual__2026-07-06T14:20:58.237252+00:00","task_id":"load_raw_excel","ti_id":"019f37cd-c16d-7e6b-af4f-a833167d5d53","try_number":1,"dag_id":"fmn_sales_pipeline","logger":"task","filename":"task_runner.py","lineno":1896}
