{"timestamp":"2026-07-06T16:30:31.979165Z","level":"info","event":"::group::Pre Execute","logger":"task","filename":"task_runner.py","lineno":1926}
{"timestamp":"2026-07-06T16:30:32.056647Z","level":"info","event":"DAG bundles loaded: dags-folder","dag_id":"fmn_sales_pipeline","ti_id":"019f3843-eaf5-7698-bac6-f1cc1c1e8d1b","map_index":-1,"try_number":1,"run_id":"manual__2026-07-06T16:30:01.094563+00:00","task_id":"load_raw_excel","logger":"airflow.dag_processing.bundles.manager.DagBundlesManager","filename":"manager.py","lineno":209}
{"timestamp":"2026-07-06T16:30:32.070562Z","level":"info","event":"Filling up the DagBag from /opt/airflow/dags/fmn_pipeline.py","dag_id":"fmn_sales_pipeline","ti_id":"019f3843-eaf5-7698-bac6-f1cc1c1e8d1b","map_index":-1,"try_number":1,"run_id":"manual__2026-07-06T16:30:01.094563+00:00","task_id":"load_raw_excel","logger":"airflow.dag_processing.dagbag.BundleDagBag","filename":"dagbag.py","lineno":469}
{"timestamp":"2026-07-06T16:30:54.510900Z","level":"info","event":"::endgroup::","dag_id":"fmn_sales_pipeline","ti_id":"019f3843-eaf5-7698-bac6-f1cc1c1e8d1b","map_index":-1,"try_number":1,"run_id":"manual__2026-07-06T16:30:01.094563+00:00","task_id":"load_raw_excel","logger":"task","filename":"task_runner.py","lineno":1727}
{"timestamp":"2026-07-06T16:30:39.597033Z","level":"info","event":"Schema 'raw' ensured to exist.","logger":"task.stdout"}
{"timestamp":"2026-07-06T16:31:09.701286Z","level":"info","event":"Data from sheet 'Transactions' in /opt/airflow/dags/dataset/FMN Data Engineer Assesment Dataset.xlsx ingested into table 'raw.raw_Transactions'.","logger":"task.stdout"}
{"timestamp":"2026-07-06T16:31:09.705388Z","level":"info","event":"Schema 'raw' ensured to exist.","logger":"task.stdout"}
{"timestamp":"2026-07-06T16:30:54.841035Z","level":"info","event":"Data from sheet 'Products' in /opt/airflow/dags/dataset/FMN Data Engineer Assesment Dataset.xlsx ingested into table 'raw.raw_Products'.","logger":"task.stdout"}
{"timestamp":"2026-07-06T16:30:54.885122Z","level":"info","event":"Schema 'raw' ensured to exist.","logger":"task.stdout"}
{"timestamp":"2026-07-06T16:30:55.227842Z","level":"info","event":"Data from sheet 'Distributors' in /opt/airflow/dags/dataset/FMN Data Engineer Assesment Dataset.xlsx ingested into table 'raw.raw_Distributors'.","logger":"task.stdout"}
{"timestamp":"2026-07-06T16:30:55.229441Z","level":"info","event":"Schema 'raw' ensured to exist.","logger":"task.stdout"}
{"timestamp":"2026-07-06T16:30:55.646488Z","level":"info","event":"Data from sheet 'Salespersons' in /opt/airflow/dags/dataset/FMN Data Engineer Assesment Dataset.xlsx ingested into table 'raw.raw_Salespersons'.","logger":"task.stdout"}
{"timestamp":"2026-07-06T16:30:55.653085Z","level":"info","event":"Schema 'raw' ensured to exist.","logger":"task.stdout"}
{"timestamp":"2026-07-06T16:30:56.045955Z","level":"info","event":"Data from sheet 'Monthly_Targets' in /opt/airflow/dags/dataset/FMN Data Engineer Assesment Dataset.xlsx ingested into table 'raw.raw_Monthly_Targets'.","logger":"task.stdout"}
{"timestamp":"2026-07-06T16:30:56.050172Z","level":"info","event":"Schema 'raw' ensured to exist.","logger":"task.stdout"}
{"timestamp":"2026-07-06T16:30:56.761620Z","level":"info","event":"Data from sheet 'Date_Table' in /opt/airflow/dags/dataset/FMN Data Engineer Assesment Dataset.xlsx ingested into table 'raw.raw_Date_Table'.","logger":"task.stdout"}
{"timestamp":"2026-07-06T16:30:56.763053Z","level":"info","event":"✅ Ingested 6 sheets: {'Transactions': 3500, 'Products': 18, 'Distributors': 15, 'Salespersons': 15, 'Monthly_Targets': 360, 'Date_Table': 731}","logger":"task.stdout"}
{"timestamp":"2026-07-06T16:30:56.895233Z","level":"info","event":"Done. Returned value was: Loaded {'Transactions': 3500, 'Products': 18, 'Distributors': 15, 'Salespersons': 15, 'Monthly_Targets': 360, 'Date_Table': 731} rows","dag_id":"fmn_sales_pipeline","ti_id":"019f3843-eaf5-7698-bac6-f1cc1c1e8d1b","map_index":-1,"try_number":1,"run_id":"manual__2026-07-06T16:30:01.094563+00:00","task_id":"load_raw_excel","logger":"airflow.task.operators.airflow.providers.standard.operators.python.PythonOperator","filename":"python.py","lineno":233}
{"timestamp":"2026-07-06T16:30:56.895615Z","level":"info","event":"::group::Post Execute","dag_id":"fmn_sales_pipeline","ti_id":"019f3843-eaf5-7698-bac6-f1cc1c1e8d1b","map_index":-1,"try_number":1,"run_id":"manual__2026-07-06T16:30:01.094563+00:00","task_id":"load_raw_excel","logger":"task","filename":"task_runner.py","lineno":1288}
{"timestamp":"2026-07-06T16:30:56.898262Z","level":"info","event":"Pushing xcom","ti":"RuntimeTaskInstance(id=UUID('019f3843-eaf5-7698-bac6-f1cc1c1e8d1b'), task_id='load_raw_excel', dag_id='fmn_sales_pipeline', run_id='manual__2026-07-06T16:30:01.094563+00:00', try_number=1, dag_version_id=UUID('019f3831-229a-78ba-a9dc-938a0e5b3587'), map_index=-1, hostname='50b5bc0ae13c', context_carrier={'traceparent': '00-0e2c090c1088699fe293782f8fe5b65b-b519103043882f2e-01'}, task=<Task(PythonOperator): load_raw_excel>, bundle_instance=LocalDagBundle(name=dags-folder), max_tries=2, start_date=datetime.datetime(2026, 7, 6, 16, 30, 31, 775314, tzinfo=datetime.timezone.utc), end_date=None, state=<TaskInstanceState.RUNNING: 'running'>, is_mapped=False, rendered_map_index=None, sentry_integration='')","dag_id":"fmn_sales_pipeline","ti_id":"019f3843-eaf5-7698-bac6-f1cc1c1e8d1b","map_index":-1,"try_number":1,"run_id":"manual__2026-07-06T16:30:01.094563+00:00","task_id":"load_raw_excel","logger":"task","filename":"task_runner.py","lineno":1791}
{"timestamp":"2026-07-06T16:30:56.996232Z","level":"info","event":"::endgroup::","dag_id":"fmn_sales_pipeline","ti_id":"019f3843-eaf5-7698-bac6-f1cc1c1e8d1b","map_index":-1,"try_number":1,"run_id":"manual__2026-07-06T16:30:01.094563+00:00","task_id":"load_raw_excel","logger":"task","filename":"task_runner.py","lineno":1896}
