{"timestamp":"2026-07-06T18:07:12.794577Z","level":"info","event":"::group::Pre Execute","logger":"task","filename":"task_runner.py","lineno":1926}
{"timestamp":"2026-07-06T18:07:12.821019Z","level":"info","event":"DAG bundles loaded: dags-folder","dag_id":"fmn_sales_pipeline","run_id":"manual__2026-07-06T18:06:27.765872+00:00","map_index":-1,"try_number":1,"task_id":"load_raw_excel","ti_id":"019f389c-35e4-7336-b003-e9490195c392","logger":"airflow.dag_processing.bundles.manager.DagBundlesManager","filename":"manager.py","lineno":209}
{"timestamp":"2026-07-06T18:07:29.803673Z","level":"info","event":"Filling up the DagBag from /opt/airflow/dags/fmn_pipeline.py","dag_id":"fmn_sales_pipeline","run_id":"manual__2026-07-06T18:06:27.765872+00:00","map_index":-1,"try_number":1,"task_id":"load_raw_excel","ti_id":"019f389c-35e4-7336-b003-e9490195c392","logger":"airflow.dag_processing.dagbag.BundleDagBag","filename":"dagbag.py","lineno":469}
{"timestamp":"2026-07-06T18:07:15.852527Z","level":"info","event":"::endgroup::","dag_id":"fmn_sales_pipeline","run_id":"manual__2026-07-06T18:06:27.765872+00:00","map_index":-1,"try_number":1,"task_id":"load_raw_excel","ti_id":"019f389c-35e4-7336-b003-e9490195c392","logger":"task","filename":"task_runner.py","lineno":1727}
{"timestamp":"2026-07-06T18:07:16.113010Z","level":"info","event":"Schema 'raw' ensured to exist.","logger":"task.stdout"}
{"timestamp":"2026-07-06T18:07:27.272151Z","level":"info","event":"Data from sheet 'Transactions' in /opt/airflow/dags/dataset/FMN Data Engineer Assesment Dataset.xlsx ingested into table 'raw.raw_Transactions'.","logger":"task.stdout"}
{"timestamp":"2026-07-06T18:07:27.370335Z","level":"info","event":"Schema 'raw' ensured to exist.","logger":"task.stdout"}
{"timestamp":"2026-07-06T18:07:27.759672Z","level":"info","event":"Data from sheet 'Products' in /opt/airflow/dags/dataset/FMN Data Engineer Assesment Dataset.xlsx ingested into table 'raw.raw_Products'.","logger":"task.stdout"}
{"timestamp":"2026-07-06T18:07:27.761755Z","level":"info","event":"Schema 'raw' ensured to exist.","logger":"task.stdout"}
{"timestamp":"2026-07-06T18:07:45.235573Z","level":"info","event":"Data from sheet 'Distributors' in /opt/airflow/dags/dataset/FMN Data Engineer Assesment Dataset.xlsx ingested into table 'raw.raw_Distributors'.","logger":"task.stdout"}
{"timestamp":"2026-07-06T18:07:45.236990Z","level":"info","event":"Schema 'raw' ensured to exist.","logger":"task.stdout"}
{"timestamp":"2026-07-06T18:07:45.576572Z","level":"info","event":"Data from sheet 'Salespersons' in /opt/airflow/dags/dataset/FMN Data Engineer Assesment Dataset.xlsx ingested into table 'raw.raw_Salespersons'.","logger":"task.stdout"}
{"timestamp":"2026-07-06T18:07:45.594045Z","level":"info","event":"Schema 'raw' ensured to exist.","logger":"task.stdout"}
{"timestamp":"2026-07-06T18:07:29.812784Z","level":"info","event":"Data from sheet 'Monthly_Targets' in /opt/airflow/dags/dataset/FMN Data Engineer Assesment Dataset.xlsx ingested into table 'raw.raw_Monthly_Targets'.","logger":"task.stdout"}
{"timestamp":"2026-07-06T18:07:29.816173Z","level":"info","event":"Schema 'raw' ensured to exist.","logger":"task.stdout"}
{"timestamp":"2026-07-06T18:07:31.652042Z","level":"info","event":"Data from sheet 'Date_Table' in /opt/airflow/dags/dataset/FMN Data Engineer Assesment Dataset.xlsx ingested into table 'raw.raw_Date_Table'.","logger":"task.stdout"}
{"timestamp":"2026-07-06T18:07:31.654646Z","level":"info","event":"✅ Ingested 6 sheets: {'Transactions': 3500, 'Products': 18, 'Distributors': 15, 'Salespersons': 15, 'Monthly_Targets': 360, 'Date_Table': 731}","logger":"task.stdout"}
{"timestamp":"2026-07-06T18:07:31.942812Z","level":"info","event":"Done. Returned value was: Loaded {'Transactions': 3500, 'Products': 18, 'Distributors': 15, 'Salespersons': 15, 'Monthly_Targets': 360, 'Date_Table': 731} rows","dag_id":"fmn_sales_pipeline","run_id":"manual__2026-07-06T18:06:27.765872+00:00","map_index":-1,"try_number":1,"task_id":"load_raw_excel","ti_id":"019f389c-35e4-7336-b003-e9490195c392","logger":"airflow.task.operators.airflow.providers.standard.operators.python.PythonOperator","filename":"python.py","lineno":233}
{"timestamp":"2026-07-06T18:07:31.943253Z","level":"info","event":"::group::Post Execute","dag_id":"fmn_sales_pipeline","run_id":"manual__2026-07-06T18:06:27.765872+00:00","map_index":-1,"try_number":1,"task_id":"load_raw_excel","ti_id":"019f389c-35e4-7336-b003-e9490195c392","logger":"task","filename":"task_runner.py","lineno":1288}
{"timestamp":"2026-07-06T18:07:31.944825Z","level":"info","event":"Pushing xcom","ti":"RuntimeTaskInstance(id=UUID('019f389c-35e4-7336-b003-e9490195c392'), task_id='load_raw_excel', dag_id='fmn_sales_pipeline', run_id='manual__2026-07-06T18:06:27.765872+00:00', try_number=1, dag_version_id=UUID('019f3831-229a-78ba-a9dc-938a0e5b3587'), map_index=-1, hostname='50b5bc0ae13c', context_carrier={'traceparent': '00-85cab6d6593517af14305d86a5c5a0e2-4c8303d4ab208cbe-01'}, task=<Task(PythonOperator): load_raw_excel>, bundle_instance=LocalDagBundle(name=dags-folder), max_tries=2, start_date=datetime.datetime(2026, 7, 6, 18, 7, 12, 704507, tzinfo=datetime.timezone.utc), end_date=None, state=<TaskInstanceState.RUNNING: 'running'>, is_mapped=False, rendered_map_index=None, sentry_integration='')","dag_id":"fmn_sales_pipeline","run_id":"manual__2026-07-06T18:06:27.765872+00:00","map_index":-1,"try_number":1,"task_id":"load_raw_excel","ti_id":"019f389c-35e4-7336-b003-e9490195c392","logger":"task","filename":"task_runner.py","lineno":1791}
{"timestamp":"2026-07-06T18:07:32.197388Z","level":"info","event":"::endgroup::","dag_id":"fmn_sales_pipeline","run_id":"manual__2026-07-06T18:06:27.765872+00:00","map_index":-1,"try_number":1,"task_id":"load_raw_excel","ti_id":"019f389c-35e4-7336-b003-e9490195c392","logger":"task","filename":"task_runner.py","lineno":1896}
