{"timestamp":"2026-07-06T16:20:52.064658Z","level":"info","event":"::group::Pre Execute","logger":"task","filename":"task_runner.py","lineno":1926}
{"timestamp":"2026-07-06T16:20:52.273813Z","level":"info","event":"DAG bundles loaded: dags-folder","dag_id":"fmn_sales_pipeline","ti_id":"019f3835-eb4d-74e8-bee2-da0ec0812d24","map_index":-1,"task_id":"load_raw_excel","try_number":3,"run_id":"scheduled__2026-07-06T00:00:00+00:00","logger":"airflow.dag_processing.bundles.manager.DagBundlesManager","filename":"manager.py","lineno":209}
{"timestamp":"2026-07-06T16:20:52.312934Z","level":"info","event":"Filling up the DagBag from /opt/airflow/dags/fmn_pipeline.py","dag_id":"fmn_sales_pipeline","ti_id":"019f3835-eb4d-74e8-bee2-da0ec0812d24","map_index":-1,"task_id":"load_raw_excel","try_number":3,"run_id":"scheduled__2026-07-06T00:00:00+00:00","logger":"airflow.dag_processing.dagbag.BundleDagBag","filename":"dagbag.py","lineno":469}
{"timestamp":"2026-07-06T16:20:57.125880Z","level":"info","event":"::endgroup::","dag_id":"fmn_sales_pipeline","ti_id":"019f3835-eb4d-74e8-bee2-da0ec0812d24","map_index":-1,"task_id":"load_raw_excel","try_number":3,"run_id":"scheduled__2026-07-06T00:00:00+00:00","logger":"task","filename":"task_runner.py","lineno":1727}
{"timestamp":"2026-07-06T16:20:57.400634Z","level":"info","event":"Schema 'raw' ensured to exist.","logger":"task.stdout"}
{"timestamp":"2026-07-06T16:21:03.117419Z","level":"info","event":"Data from sheet 'Transactions' in /opt/airflow/dags/dataset/FMN Data Engineer Assesment Dataset.xlsx ingested into table 'raw.raw_Transactions'.","logger":"task.stdout"}
{"timestamp":"2026-07-06T16:21:03.121458Z","level":"info","event":"Schema 'raw' ensured to exist.","logger":"task.stdout"}
{"timestamp":"2026-07-06T16:21:03.895907Z","level":"info","event":"Data from sheet 'Products' in /opt/airflow/dags/dataset/FMN Data Engineer Assesment Dataset.xlsx ingested into table 'raw.raw_Products'.","logger":"task.stdout"}
{"timestamp":"2026-07-06T16:21:03.899705Z","level":"info","event":"Schema 'raw' ensured to exist.","logger":"task.stdout"}
{"timestamp":"2026-07-06T16:21:04.945074Z","level":"info","event":"Data from sheet 'Distributors' in /opt/airflow/dags/dataset/FMN Data Engineer Assesment Dataset.xlsx ingested into table 'raw.raw_Distributors'.","logger":"task.stdout"}
{"timestamp":"2026-07-06T16:21:04.967739Z","level":"info","event":"Schema 'raw' ensured to exist.","logger":"task.stdout"}
{"timestamp":"2026-07-06T16:21:05.361970Z","level":"info","event":"Data from sheet 'Salespersons' in /opt/airflow/dags/dataset/FMN Data Engineer Assesment Dataset.xlsx ingested into table 'raw.raw_Salespersons'.","logger":"task.stdout"}
{"timestamp":"2026-07-06T16:21:05.364386Z","level":"info","event":"Schema 'raw' ensured to exist.","logger":"task.stdout"}
{"timestamp":"2026-07-06T16:21:05.945595Z","level":"info","event":"Data from sheet 'Monthly_Targets' in /opt/airflow/dags/dataset/FMN Data Engineer Assesment Dataset.xlsx ingested into table 'raw.raw_Monthly_Targets'.","logger":"task.stdout"}
{"timestamp":"2026-07-06T16:21:05.947300Z","level":"info","event":"Schema 'raw' ensured to exist.","logger":"task.stdout"}
{"timestamp":"2026-07-06T16:21:06.856016Z","level":"info","event":"Data from sheet 'Date_Table' in /opt/airflow/dags/dataset/FMN Data Engineer Assesment Dataset.xlsx ingested into table 'raw.raw_Date_Table'.","logger":"task.stdout"}
{"timestamp":"2026-07-06T16:21:06.857318Z","level":"info","event":"✅ Ingested 6 sheets: {'Transactions': 3500, 'Products': 18, 'Distributors': 15, 'Salespersons': 15, 'Monthly_Targets': 360, 'Date_Table': 731}","logger":"task.stdout"}
{"timestamp":"2026-07-06T16:21:07.631456Z","level":"info","event":"Done. Returned value was: Loaded {'Transactions': 3500, 'Products': 18, 'Distributors': 15, 'Salespersons': 15, 'Monthly_Targets': 360, 'Date_Table': 731} rows","dag_id":"fmn_sales_pipeline","ti_id":"019f3835-eb4d-74e8-bee2-da0ec0812d24","map_index":-1,"task_id":"load_raw_excel","try_number":3,"run_id":"scheduled__2026-07-06T00:00:00+00:00","logger":"airflow.task.operators.airflow.providers.standard.operators.python.PythonOperator","filename":"python.py","lineno":233}
{"timestamp":"2026-07-06T16:21:07.631753Z","level":"info","event":"::group::Post Execute","dag_id":"fmn_sales_pipeline","ti_id":"019f3835-eb4d-74e8-bee2-da0ec0812d24","map_index":-1,"task_id":"load_raw_excel","try_number":3,"run_id":"scheduled__2026-07-06T00:00:00+00:00","logger":"task","filename":"task_runner.py","lineno":1288}
{"timestamp":"2026-07-06T16:21:07.634114Z","level":"info","event":"Pushing xcom","ti":"RuntimeTaskInstance(id=UUID('019f3835-eb4d-74e8-bee2-da0ec0812d24'), task_id='load_raw_excel', dag_id='fmn_sales_pipeline', run_id='scheduled__2026-07-06T00:00:00+00:00', try_number=3, dag_version_id=UUID('019f3831-229a-78ba-a9dc-938a0e5b3587'), map_index=-1, hostname='50b5bc0ae13c', context_carrier={'traceparent': '00-f044002040dfc7b2804ebcdf836803e8-5127a061e1dffbd6-01'}, task=<Task(PythonOperator): load_raw_excel>, bundle_instance=LocalDagBundle(name=dags-folder), max_tries=2, start_date=datetime.datetime(2026, 7, 6, 16, 20, 52, 155877, tzinfo=datetime.timezone.utc), end_date=None, state=<TaskInstanceState.RUNNING: 'running'>, is_mapped=False, rendered_map_index=None, sentry_integration='')","dag_id":"fmn_sales_pipeline","ti_id":"019f3835-eb4d-74e8-bee2-da0ec0812d24","map_index":-1,"task_id":"load_raw_excel","try_number":3,"run_id":"scheduled__2026-07-06T00:00:00+00:00","logger":"task","filename":"task_runner.py","lineno":1791}
{"timestamp":"2026-07-06T16:20:51.926819Z","level":"info","event":"::endgroup::","dag_id":"fmn_sales_pipeline","ti_id":"019f3835-eb4d-74e8-bee2-da0ec0812d24","map_index":-1,"task_id":"load_raw_excel","try_number":3,"run_id":"scheduled__2026-07-06T00:00:00+00:00","logger":"task","filename":"task_runner.py","lineno":1896}
