[0m22:51:14.101679 [debug] [MainThread]: Sending event: {'category': 'dbt', 'action': 'invocation', 'label': 'start', 'context': [<snowplow_tracker.self_describing_json.SelfDescribingJson object at 0x00000237EA0DB9E0>, <snowplow_tracker.self_describing_json.SelfDescribingJson object at 0x00000237EA102570>, <snowplow_tracker.self_describing_json.SelfDescribingJson object at 0x00000237E68A1670>]}


============================== 22:51:14.114427 | 20637fab-970e-4380-ae14-e7edf2d8fe70 ==============================
[0m22:51:14.114427 [info ] [MainThread]: Running with dbt=1.11.12
[0m22:51:14.116428 [debug] [MainThread]: running dbt with arguments {'static_parser': 'True', 'no_print': 'None', 'version_check': 'True', 'target_path': 'None', 'warn_error_options': 'WarnErrorOptionsV2(error=[], warn=[], silence=[])', 'printer_width': '80', 'write_json': 'True', 'introspect': 'True', 'log_cache_events': 'False', 'empty': 'None', 'cache_selected_only': 'False', 'log_format': 'default', 'debug': 'False', 'fail_fast': 'False', 'partial_parse': 'True', 'send_anonymous_usage_stats': 'True', 'quiet': 'False', 'warn_error': 'None', 'profiles_dir': 'C:\\Users\\HP\\.dbt', 'use_colors': 'True', 'invocation_command': 'dbt clean', 'indirect_selection': 'eager', 'use_experimental_parser': 'False', 'log_path': 'logs'}
[0m22:51:14.118880 [error] [MainThread]: Encountered an error:
Runtime Error
  No dbt_project.yml found at expected path C:\Users\HP\Desktop\FMN_DE_Project\dbt_project.yml
  Verify that each entry within packages.yml (and their transitive dependencies) contains a file named dbt_project.yml
  
[0m22:51:14.120921 [debug] [MainThread]: Command `dbt clean` failed at 22:51:14.119880 after 0.22 seconds
[0m22:51:14.120921 [debug] [MainThread]: Sending event: {'category': 'dbt', 'action': 'invocation', 'label': 'end', 'context': [<snowplow_tracker.self_describing_json.SelfDescribingJson object at 0x00000237EB15E8A0>, <snowplow_tracker.self_describing_json.SelfDescribingJson object at 0x00000237EA4E5670>, <snowplow_tracker.self_describing_json.SelfDescribingJson object at 0x00000237EC265A90>]}
[0m22:51:14.121920 [debug] [MainThread]: Flushing usage events
[0m22:51:16.232547 [debug] [MainThread]: An error was encountered while trying to flush usage events
[0m22:55:21.359380 [debug] [MainThread]: Sending event: {'category': 'dbt', 'action': 'invocation', 'label': 'start', 'context': [<snowplow_tracker.self_describing_json.SelfDescribingJson object at 0x00000221A8C225A0>, <snowplow_tracker.self_describing_json.SelfDescribingJson object at 0x00000221A6189F70>, <snowplow_tracker.self_describing_json.SelfDescribingJson object at 0x00000221A9642180>]}


============================== 22:55:21.372709 | 830554b5-e661-4a1e-93f7-305c2db0290e ==============================
[0m22:55:21.372709 [info ] [MainThread]: Running with dbt=1.11.12
[0m22:55:21.376712 [debug] [MainThread]: running dbt with arguments {'static_parser': 'True', 'no_print': 'None', 'version_check': 'True', 'target_path': 'None', 'warn_error_options': 'WarnErrorOptionsV2(error=[], warn=[], silence=[])', 'printer_width': '80', 'write_json': 'True', 'introspect': 'True', 'log_cache_events': 'False', 'empty': 'None', 'cache_selected_only': 'False', 'fail_fast': 'False', 'debug': 'False', 'log_format': 'default', 'partial_parse': 'True', 'send_anonymous_usage_stats': 'True', 'quiet': 'False', 'warn_error': 'None', 'profiles_dir': 'C:\\Users\\HP\\.dbt', 'use_colors': 'True', 'indirect_selection': 'eager', 'invocation_command': 'dbt debug', 'use_experimental_parser': 'False', 'log_path': 'logs'}
[0m22:55:21.441135 [info ] [MainThread]: dbt version: 1.11.12
[0m22:55:21.443348 [info ] [MainThread]: python version: 3.12.5
[0m22:55:21.444349 [info ] [MainThread]: python path: C:\Users\HP\Desktop\FMN_DE_Project\.venv\Scripts\python.exe
[0m22:55:21.445349 [info ] [MainThread]: os info: Windows-10-10.0.19045-SP0
[0m22:55:21.616360 [info ] [MainThread]: Using profiles dir at C:\Users\HP\.dbt
[0m22:55:21.617358 [info ] [MainThread]: Using profiles.yml file at C:\Users\HP\.dbt\profiles.yml
[0m22:55:21.618588 [info ] [MainThread]: Using dbt_project.yml file at C:\Users\HP\Desktop\FMN_DE_Project\dbt_project.yml
[0m22:55:21.619592 [error] [MainThread]: Encountered an error:
Internal Error
  Profile should not be None if loading profile completed
[0m22:55:21.622589 [debug] [MainThread]: Command `dbt debug` failed at 22:55:21.621590 after 0.54 seconds
[0m22:55:21.622589 [debug] [MainThread]: Sending event: {'category': 'dbt', 'action': 'invocation', 'label': 'end', 'context': [<snowplow_tracker.self_describing_json.SelfDescribingJson object at 0x00000221A95AC7A0>, <snowplow_tracker.self_describing_json.SelfDescribingJson object at 0x00000221AAD86300>, <snowplow_tracker.self_describing_json.SelfDescribingJson object at 0x00000221A9BE5A30>]}
[0m22:55:21.623590 [debug] [MainThread]: Flushing usage events
[0m22:55:23.672763 [debug] [MainThread]: An error was encountered while trying to flush usage events
