{"timestamp":"2026-07-06T18:34:49.596236Z","level":"info","event":"::group::Pre Execute","logger":"task","filename":"task_runner.py","lineno":1926}
{"timestamp":"2026-07-06T18:34:50.182798Z","level":"info","event":"DAG bundles loaded: dags-folder","dag_id":"fmn_sales_pipeline","map_index":-1,"ti_id":"019f38b5-b41d-74e2-b50f-cbc617e247dd","task_id":"load_raw_excel","run_id":"manual__2026-07-06T18:34:18.378182+00:00","try_number":1,"logger":"airflow.dag_processing.bundles.manager.DagBundlesManager","filename":"manager.py","lineno":209}
{"timestamp":"2026-07-06T18:34:50.240373Z","level":"info","event":"Filling up the DagBag from /opt/airflow/dags/fmn_pipeline.py","dag_id":"fmn_sales_pipeline","map_index":-1,"ti_id":"019f38b5-b41d-74e2-b50f-cbc617e247dd","task_id":"load_raw_excel","run_id":"manual__2026-07-06T18:34:18.378182+00:00","try_number":1,"logger":"airflow.dag_processing.dagbag.BundleDagBag","filename":"dagbag.py","lineno":469}
{"timestamp":"2026-07-06T18:35:09.809311Z","level":"info","event":"::endgroup::","dag_id":"fmn_sales_pipeline","map_index":-1,"ti_id":"019f38b5-b41d-74e2-b50f-cbc617e247dd","task_id":"load_raw_excel","run_id":"manual__2026-07-06T18:34:18.378182+00:00","try_number":1,"logger":"task","filename":"task_runner.py","lineno":1727}
{"timestamp":"2026-07-06T18:35:10.069733Z","level":"info","event":"Schema 'raw' ensured to exist.","logger":"task.stdout"}
{"timestamp":"2026-07-06T18:35:41.043417Z","level":"info","event":"Data from sheet 'Transactions' in /opt/airflow/dags/dataset/FMN Data Engineer Assesment Dataset.xlsx ingested into table 'raw.raw_Transactions'.","logger":"task.stdout"}
{"timestamp":"2026-07-06T18:35:41.058652Z","level":"info","event":"Schema 'raw' ensured to exist.","logger":"task.stdout"}
{"timestamp":"2026-07-06T18:35:26.103406Z","level":"info","event":"Data from sheet 'Products' in /opt/airflow/dags/dataset/FMN Data Engineer Assesment Dataset.xlsx ingested into table 'raw.raw_Products'.","logger":"task.stdout"}
{"timestamp":"2026-07-06T18:35:26.119072Z","level":"info","event":"Schema 'raw' ensured to exist.","logger":"task.stdout"}
{"timestamp":"2026-07-06T18:35:27.495454Z","level":"info","event":"Data from sheet 'Distributors' in /opt/airflow/dags/dataset/FMN Data Engineer Assesment Dataset.xlsx ingested into table 'raw.raw_Distributors'.","logger":"task.stdout"}
{"timestamp":"2026-07-06T18:35:29.349834Z","level":"info","event":"Schema 'raw' ensured to exist.","logger":"task.stdout"}
{"timestamp":"2026-07-06T18:35:29.950783Z","level":"info","event":"Data from sheet 'Salespersons' in /opt/airflow/dags/dataset/FMN Data Engineer Assesment Dataset.xlsx ingested into table 'raw.raw_Salespersons'.","logger":"task.stdout"}
{"timestamp":"2026-07-06T18:35:29.971938Z","level":"info","event":"Schema 'raw' ensured to exist.","logger":"task.stdout"}
{"timestamp":"2026-07-06T18:35:31.973304Z","level":"info","event":"Data from sheet 'Monthly_Targets' in /opt/airflow/dags/dataset/FMN Data Engineer Assesment Dataset.xlsx ingested into table 'raw.raw_Monthly_Targets'.","logger":"task.stdout"}
{"timestamp":"2026-07-06T18:35:31.987207Z","level":"info","event":"Schema 'raw' ensured to exist.","logger":"task.stdout"}
{"timestamp":"2026-07-06T18:35:34.421932Z","level":"info","event":"Data from sheet 'Date_Table' in /opt/airflow/dags/dataset/FMN Data Engineer Assesment Dataset.xlsx ingested into table 'raw.raw_Date_Table'.","logger":"task.stdout"}
{"timestamp":"2026-07-06T18:35:34.454061Z","level":"info","event":"✅ Ingested 6 sheets: {'Transactions': 3500, 'Products': 18, 'Distributors': 15, 'Salespersons': 15, 'Monthly_Targets': 360, 'Date_Table': 731}","logger":"task.stdout"}
{"timestamp":"2026-07-06T18:35:58.330193Z","level":"info","event":"Done. Returned value was: Loaded {'Transactions': 3500, 'Products': 18, 'Distributors': 15, 'Salespersons': 15, 'Monthly_Targets': 360, 'Date_Table': 731} rows","dag_id":"fmn_sales_pipeline","map_index":-1,"ti_id":"019f38b5-b41d-74e2-b50f-cbc617e247dd","task_id":"load_raw_excel","run_id":"manual__2026-07-06T18:34:18.378182+00:00","try_number":1,"logger":"airflow.task.operators.airflow.providers.standard.operators.python.PythonOperator","filename":"python.py","lineno":233}
{"timestamp":"2026-07-06T18:35:58.331904Z","level":"info","event":"::group::Post Execute","dag_id":"fmn_sales_pipeline","map_index":-1,"ti_id":"019f38b5-b41d-74e2-b50f-cbc617e247dd","task_id":"load_raw_excel","run_id":"manual__2026-07-06T18:34:18.378182+00:00","try_number":1,"logger":"task","filename":"task_runner.py","lineno":1288}
{"timestamp":"2026-07-06T18:35:58.365711Z","level":"info","event":"Pushing xcom","ti":"RuntimeTaskInstance(id=UUID('019f38b5-b41d-74e2-b50f-cbc617e247dd'), task_id='load_raw_excel', dag_id='fmn_sales_pipeline', run_id='manual__2026-07-06T18:34:18.378182+00:00', try_number=1, dag_version_id=UUID('019f3831-229a-78ba-a9dc-938a0e5b3587'), map_index=-1, hostname='50b5bc0ae13c', context_carrier={'traceparent': '00-c6803c792c86272503442757d46d90d8-fd2783350c709733-01'}, task=<Task(PythonOperator): load_raw_excel>, bundle_instance=LocalDagBundle(name=dags-folder), max_tries=2, start_date=datetime.datetime(2026, 7, 6, 18, 34, 49, 395621, tzinfo=datetime.timezone.utc), end_date=None, state=<TaskInstanceState.RUNNING: 'running'>, is_mapped=False, rendered_map_index=None, sentry_integration='')","dag_id":"fmn_sales_pipeline","map_index":-1,"ti_id":"019f38b5-b41d-74e2-b50f-cbc617e247dd","task_id":"load_raw_excel","run_id":"manual__2026-07-06T18:34:18.378182+00:00","try_number":1,"logger":"task","filename":"task_runner.py","lineno":1791}
{"timestamp":"2026-07-06T18:35:43.976923Z","level":"info","event":"::endgroup::","dag_id":"fmn_sales_pipeline","map_index":-1,"ti_id":"019f38b5-b41d-74e2-b50f-cbc617e247dd","task_id":"load_raw_excel","run_id":"manual__2026-07-06T18:34:18.378182+00:00","try_number":1,"logger":"task","filename":"task_runner.py","lineno":1896}
