{"timestamp":"2026-07-06T16:35:55.083263Z","level":"info","event":"::group::Pre Execute","logger":"task","filename":"task_runner.py","lineno":1926}
{"timestamp":"2026-07-06T16:35:55.150438Z","level":"info","event":"DAG bundles loaded: dags-folder","dag_id":"fmn_sales_pipeline","ti_id":"019f3849-05e5-7521-a007-884a433ac643","map_index":-1,"task_id":"load_raw_excel","try_number":1,"run_id":"manual__2026-07-06T16:35:36.953165+00:00","logger":"airflow.dag_processing.bundles.manager.DagBundlesManager","filename":"manager.py","lineno":209}
{"timestamp":"2026-07-06T16:35:55.169816Z","level":"info","event":"Filling up the DagBag from /opt/airflow/dags/fmn_pipeline.py","dag_id":"fmn_sales_pipeline","ti_id":"019f3849-05e5-7521-a007-884a433ac643","map_index":-1,"task_id":"load_raw_excel","try_number":1,"run_id":"manual__2026-07-06T16:35:36.953165+00:00","logger":"airflow.dag_processing.dagbag.BundleDagBag","filename":"dagbag.py","lineno":469}
{"timestamp":"2026-07-06T16:35:59.805751Z","level":"info","event":"::endgroup::","dag_id":"fmn_sales_pipeline","ti_id":"019f3849-05e5-7521-a007-884a433ac643","map_index":-1,"task_id":"load_raw_excel","try_number":1,"run_id":"manual__2026-07-06T16:35:36.953165+00:00","logger":"task","filename":"task_runner.py","lineno":1727}
{"timestamp":"2026-07-06T16:36:00.057382Z","level":"info","event":"Schema 'raw' ensured to exist.","logger":"task.stdout"}
{"timestamp":"2026-07-06T16:36:05.403966Z","level":"info","event":"Data from sheet 'Transactions' in /opt/airflow/dags/dataset/FMN Data Engineer Assesment Dataset.xlsx ingested into table 'raw.raw_Transactions'.","logger":"task.stdout"}
{"timestamp":"2026-07-06T16:36:05.453579Z","level":"info","event":"Schema 'raw' ensured to exist.","logger":"task.stdout"}
{"timestamp":"2026-07-06T16:36:05.875465Z","level":"info","event":"Data from sheet 'Products' in /opt/airflow/dags/dataset/FMN Data Engineer Assesment Dataset.xlsx ingested into table 'raw.raw_Products'.","logger":"task.stdout"}
{"timestamp":"2026-07-06T16:36:05.876733Z","level":"info","event":"Schema 'raw' ensured to exist.","logger":"task.stdout"}
{"timestamp":"2026-07-06T16:36:21.658453Z","level":"info","event":"Data from sheet 'Distributors' in /opt/airflow/dags/dataset/FMN Data Engineer Assesment Dataset.xlsx ingested into table 'raw.raw_Distributors'.","logger":"task.stdout"}
{"timestamp":"2026-07-06T16:36:21.661984Z","level":"info","event":"Schema 'raw' ensured to exist.","logger":"task.stdout"}
{"timestamp":"2026-07-06T16:36:06.819667Z","level":"info","event":"Data from sheet 'Salespersons' in /opt/airflow/dags/dataset/FMN Data Engineer Assesment Dataset.xlsx ingested into table 'raw.raw_Salespersons'.","logger":"task.stdout"}
{"timestamp":"2026-07-06T16:36:06.824413Z","level":"info","event":"Schema 'raw' ensured to exist.","logger":"task.stdout"}
{"timestamp":"2026-07-06T16:36:07.352749Z","level":"info","event":"Data from sheet 'Monthly_Targets' in /opt/airflow/dags/dataset/FMN Data Engineer Assesment Dataset.xlsx ingested into table 'raw.raw_Monthly_Targets'.","logger":"task.stdout"}
{"timestamp":"2026-07-06T16:36:07.354670Z","level":"info","event":"Schema 'raw' ensured to exist.","logger":"task.stdout"}
{"timestamp":"2026-07-06T16:36:07.990012Z","level":"info","event":"Data from sheet 'Date_Table' in /opt/airflow/dags/dataset/FMN Data Engineer Assesment Dataset.xlsx ingested into table 'raw.raw_Date_Table'.","logger":"task.stdout"}
{"timestamp":"2026-07-06T16:36:07.991313Z","level":"info","event":"✅ Ingested 6 sheets: {'Transactions': 3500, 'Products': 18, 'Distributors': 15, 'Salespersons': 15, 'Monthly_Targets': 360, 'Date_Table': 731}","logger":"task.stdout"}
{"timestamp":"2026-07-06T16:36:08.158361Z","level":"info","event":"Done. Returned value was: Loaded {'Transactions': 3500, 'Products': 18, 'Distributors': 15, 'Salespersons': 15, 'Monthly_Targets': 360, 'Date_Table': 731} rows","dag_id":"fmn_sales_pipeline","ti_id":"019f3849-05e5-7521-a007-884a433ac643","map_index":-1,"task_id":"load_raw_excel","try_number":1,"run_id":"manual__2026-07-06T16:35:36.953165+00:00","logger":"airflow.task.operators.airflow.providers.standard.operators.python.PythonOperator","filename":"python.py","lineno":233}
{"timestamp":"2026-07-06T16:36:08.159020Z","level":"info","event":"::group::Post Execute","dag_id":"fmn_sales_pipeline","ti_id":"019f3849-05e5-7521-a007-884a433ac643","map_index":-1,"task_id":"load_raw_excel","try_number":1,"run_id":"manual__2026-07-06T16:35:36.953165+00:00","logger":"task","filename":"task_runner.py","lineno":1288}
{"timestamp":"2026-07-06T16:36:08.161411Z","level":"info","event":"Pushing xcom","ti":"RuntimeTaskInstance(id=UUID('019f3849-05e5-7521-a007-884a433ac643'), task_id='load_raw_excel', dag_id='fmn_sales_pipeline', run_id='manual__2026-07-06T16:35:36.953165+00:00', try_number=1, dag_version_id=UUID('019f3831-229a-78ba-a9dc-938a0e5b3587'), map_index=-1, hostname='50b5bc0ae13c', context_carrier={'traceparent': '00-903529e7e198288ce26869fa2d6162ed-08c4efa419f1b2b9-01'}, task=<Task(PythonOperator): load_raw_excel>, bundle_instance=LocalDagBundle(name=dags-folder), max_tries=2, start_date=datetime.datetime(2026, 7, 6, 16, 35, 54, 960259, tzinfo=datetime.timezone.utc), end_date=None, state=<TaskInstanceState.RUNNING: 'running'>, is_mapped=False, rendered_map_index=None, sentry_integration='')","dag_id":"fmn_sales_pipeline","ti_id":"019f3849-05e5-7521-a007-884a433ac643","map_index":-1,"task_id":"load_raw_excel","try_number":1,"run_id":"manual__2026-07-06T16:35:36.953165+00:00","logger":"task","filename":"task_runner.py","lineno":1791}
{"timestamp":"2026-07-06T16:36:08.322076Z","level":"info","event":"::endgroup::","dag_id":"fmn_sales_pipeline","ti_id":"019f3849-05e5-7521-a007-884a433ac643","map_index":-1,"task_id":"load_raw_excel","try_number":1,"run_id":"manual__2026-07-06T16:35:36.953165+00:00","logger":"task","filename":"task_runner.py","lineno":1896}
