{"timestamp":"2026-07-06T13:36:42.207737Z","level":"info","event":"::group::Pre Execute","logger":"task","filename":"task_runner.py","lineno":1926}
{"timestamp":"2026-07-06T13:36:42.225727Z","level":"info","event":"DAG bundles loaded: dags-folder","map_index":-1,"run_id":"manual__2026-07-06T13:36:24.325875+00:00","dag_id":"fmn_sales_pipeline","ti_id":"019f37a4-f216-7122-82eb-22cad7fb3fce","try_number":1,"task_id":"load_raw_excel","logger":"airflow.dag_processing.bundles.manager.DagBundlesManager","filename":"manager.py","lineno":209}
{"timestamp":"2026-07-06T13:36:42.228967Z","level":"info","event":"Filling up the DagBag from /opt/airflow/dags/fmn_pipeline.py","map_index":-1,"run_id":"manual__2026-07-06T13:36:24.325875+00:00","dag_id":"fmn_sales_pipeline","ti_id":"019f37a4-f216-7122-82eb-22cad7fb3fce","try_number":1,"task_id":"load_raw_excel","logger":"airflow.dag_processing.dagbag.BundleDagBag","filename":"dagbag.py","lineno":469}
{"timestamp":"2026-07-06T13:36:43.965778Z","level":"info","event":"::endgroup::","map_index":-1,"run_id":"manual__2026-07-06T13:36:24.325875+00:00","dag_id":"fmn_sales_pipeline","ti_id":"019f37a4-f216-7122-82eb-22cad7fb3fce","try_number":1,"task_id":"load_raw_excel","logger":"task","filename":"task_runner.py","lineno":1727}
{"timestamp":"2026-07-06T13:36:44.080410Z","level":"info","event":"Schema 'raw' ensured to exist.","logger":"task.stdout"}
{"timestamp":"2026-07-06T13:36:53.050206Z","level":"info","event":"Data from sheet 'Transactions' in /opt/airflow/dags/dataset/FMN Data Engineer Assesment Dataset.xlsx ingested into table 'raw.raw_Transactions'.","logger":"task.stdout"}
{"timestamp":"2026-07-06T13:36:53.051631Z","level":"info","event":"Schema 'raw' ensured to exist.","logger":"task.stdout"}
{"timestamp":"2026-07-06T13:36:53.769206Z","level":"info","event":"Data from sheet 'Products' in /opt/airflow/dags/dataset/FMN Data Engineer Assesment Dataset.xlsx ingested into table 'raw.raw_Products'.","logger":"task.stdout"}
{"timestamp":"2026-07-06T13:36:53.770501Z","level":"info","event":"Schema 'raw' ensured to exist.","logger":"task.stdout"}
{"timestamp":"2026-07-06T13:36:54.287746Z","level":"info","event":"Data from sheet 'Distributors' in /opt/airflow/dags/dataset/FMN Data Engineer Assesment Dataset.xlsx ingested into table 'raw.raw_Distributors'.","logger":"task.stdout"}
{"timestamp":"2026-07-06T13:36:54.347442Z","level":"info","event":"Schema 'raw' ensured to exist.","logger":"task.stdout"}
{"timestamp":"2026-07-06T13:36:54.643131Z","level":"info","event":"Data from sheet 'Salespersons' in /opt/airflow/dags/dataset/FMN Data Engineer Assesment Dataset.xlsx ingested into table 'raw.raw_Salespersons'.","logger":"task.stdout"}
{"timestamp":"2026-07-06T13:36:54.644989Z","level":"info","event":"Schema 'raw' ensured to exist.","logger":"task.stdout"}
{"timestamp":"2026-07-06T13:36:55.075691Z","level":"info","event":"Data from sheet 'Monthly_Targets' in /opt/airflow/dags/dataset/FMN Data Engineer Assesment Dataset.xlsx ingested into table 'raw.raw_Monthly_Targets'.","logger":"task.stdout"}
{"timestamp":"2026-07-06T13:36:55.077397Z","level":"info","event":"Schema 'raw' ensured to exist.","logger":"task.stdout"}
{"timestamp":"2026-07-06T13:36:55.528180Z","level":"info","event":"Data from sheet 'Date_Table' in /opt/airflow/dags/dataset/FMN Data Engineer Assesment Dataset.xlsx ingested into table 'raw.raw_Date_Table'.","logger":"task.stdout"}
{"timestamp":"2026-07-06T13:36:55.528975Z","level":"info","event":"✅ Ingested 6 sheets: {'Transactions': 3500, 'Products': 18, 'Distributors': 15, 'Salespersons': 15, 'Monthly_Targets': 360, 'Date_Table': 731}","logger":"task.stdout"}
{"timestamp":"2026-07-06T13:36:55.626588Z","level":"info","event":"Done. Returned value was: Loaded {'Transactions': 3500, 'Products': 18, 'Distributors': 15, 'Salespersons': 15, 'Monthly_Targets': 360, 'Date_Table': 731} rows","map_index":-1,"run_id":"manual__2026-07-06T13:36:24.325875+00:00","dag_id":"fmn_sales_pipeline","ti_id":"019f37a4-f216-7122-82eb-22cad7fb3fce","try_number":1,"task_id":"load_raw_excel","logger":"airflow.task.operators.airflow.providers.standard.operators.python.PythonOperator","filename":"python.py","lineno":233}
{"timestamp":"2026-07-06T13:36:55.626900Z","level":"info","event":"::group::Post Execute","map_index":-1,"run_id":"manual__2026-07-06T13:36:24.325875+00:00","dag_id":"fmn_sales_pipeline","ti_id":"019f37a4-f216-7122-82eb-22cad7fb3fce","try_number":1,"task_id":"load_raw_excel","logger":"task","filename":"task_runner.py","lineno":1288}
{"timestamp":"2026-07-06T13:36:55.627458Z","level":"info","event":"Pushing xcom","ti":"RuntimeTaskInstance(id=UUID('019f37a4-f216-7122-82eb-22cad7fb3fce'), task_id='load_raw_excel', dag_id='fmn_sales_pipeline', run_id='manual__2026-07-06T13:36:24.325875+00:00', try_number=1, dag_version_id=UUID('019f37a2-ec58-7d68-b5d3-9640541aeef2'), map_index=-1, hostname='1aabb63c14aa', context_carrier={'traceparent': '00-118a6b52d57200a5fa8926e46d6ea97c-5527177ecd35cbd4-01'}, task=<Task(PythonOperator): load_raw_excel>, bundle_instance=LocalDagBundle(name=dags-folder), max_tries=2, start_date=datetime.datetime(2026, 7, 6, 13, 36, 42, 182856, tzinfo=datetime.timezone.utc), end_date=None, state=<TaskInstanceState.RUNNING: 'running'>, is_mapped=False, rendered_map_index=None, sentry_integration='')","map_index":-1,"run_id":"manual__2026-07-06T13:36:24.325875+00:00","dag_id":"fmn_sales_pipeline","ti_id":"019f37a4-f216-7122-82eb-22cad7fb3fce","try_number":1,"task_id":"load_raw_excel","logger":"task","filename":"task_runner.py","lineno":1791}
{"timestamp":"2026-07-06T13:36:55.710475Z","level":"info","event":"::endgroup::","map_index":-1,"run_id":"manual__2026-07-06T13:36:24.325875+00:00","dag_id":"fmn_sales_pipeline","ti_id":"019f37a4-f216-7122-82eb-22cad7fb3fce","try_number":1,"task_id":"load_raw_excel","logger":"task","filename":"task_runner.py","lineno":1896}
