[0m22:56:57.986137 [debug] [MainThread]: Sending event: {'category': 'dbt', 'action': 'invocation', 'label': 'start', 'context': [<snowplow_tracker.self_describing_json.SelfDescribingJson object at 0x000001BAF968E1E0>, <snowplow_tracker.self_describing_json.SelfDescribingJson object at 0x000001BAF93FFEF0>, <snowplow_tracker.self_describing_json.SelfDescribingJson object at 0x000001BAF9986600>]}


============================== 22:56:57.998272 | 8f3508da-09b3-4adf-ad59-2715df143687 ==============================
[0m22:56:57.998272 [info ] [MainThread]: Running with dbt=1.11.12
[0m22:56:58.001274 [debug] [MainThread]: running dbt with arguments {'version_check': 'True', 'no_print': 'None', 'static_parser': 'True', 'target_path': 'None', 'warn_error_options': 'WarnErrorOptionsV2(error=[], warn=[], silence=[])', 'printer_width': '80', 'write_json': 'True', 'introspect': 'True', 'log_cache_events': 'False', 'empty': 'None', 'cache_selected_only': 'False', 'fail_fast': 'False', 'debug': 'False', 'log_format': 'default', 'profiles_dir': 'C:\\Users\\HP\\Desktop\\FMN_DE_Project\\.dbt', 'send_anonymous_usage_stats': 'True', 'quiet': 'False', 'warn_error': 'None', 'partial_parse': 'True', 'use_colors': 'True', 'invocation_command': 'dbt debug', 'indirect_selection': 'eager', 'use_experimental_parser': 'False', 'log_path': 'C:\\Users\\HP\\Desktop\\FMN_DE_Project\\.dbt\\logs'}
[0m22:56:58.074464 [info ] [MainThread]: dbt version: 1.11.12
[0m22:56:58.080453 [info ] [MainThread]: python version: 3.12.5
[0m22:56:58.081461 [info ] [MainThread]: python path: C:\Users\HP\Desktop\FMN_DE_Project\.venv\Scripts\python.exe
[0m22:56:58.083453 [info ] [MainThread]: os info: Windows-10-10.0.19045-SP0
[0m22:56:58.091457 [info ] [MainThread]: Using profiles dir at C:\Users\HP\Desktop\FMN_DE_Project\.dbt
[0m22:56:58.093629 [info ] [MainThread]: Using profiles.yml file at C:\Users\HP\Desktop\FMN_DE_Project\.dbt\profiles.yml
[0m22:56:58.095632 [info ] [MainThread]: Using dbt_project.yml file at C:\Users\HP\Desktop\FMN_DE_Project\.dbt\dbt_project.yml
[0m22:56:58.880794 [info ] [MainThread]: Configuration:
[0m22:56:58.881792 [info ] [MainThread]:   profiles.yml file [[31mERROR invalid[0m]
[0m22:56:58.882794 [info ] [MainThread]:   dbt_project.yml file [[32mOK found and valid[0m]
[0m22:56:58.883802 [info ] [MainThread]: Required dependencies:
[0m22:56:58.885844 [debug] [MainThread]: Executing "git --help"
[0m22:56:59.029225 [debug] [MainThread]: STDOUT: "b"usage: git [-v | --version] [-h | --help] [-C <path>] [-c <name>=<value>]\n           [--exec-path[=<path>]] [--html-path] [--man-path] [--info-path]\n           [-p | --paginate | -P | --no-pager] [--no-replace-objects] [--no-lazy-fetch]\n           [--no-optional-locks] [--no-advice] [--bare] [--git-dir=<path>]\n           [--work-tree=<path>] [--namespace=<name>] [--config-env=<name>=<envvar>]\n           <command> [<args>]\n\nThese are common Git commands used in various situations:\n\nstart a working area (see also: git help tutorial)\n   clone      Clone a repository into a new directory\n   init       Create an empty Git repository or reinitialize an existing one\n\nwork on the current change (see also: git help everyday)\n   add        Add file contents to the index\n   mv         Move or rename a file, a directory, or a symlink\n   restore    Restore working tree files\n   rm         Remove files from the working tree and from the index\n\nexamine the history and state (see also: git help revisions)\n   bisect     Use binary search to find the commit that introduced a bug\n   diff       Show changes between commits, commit and working tree, etc\n   grep       Print lines matching a pattern\n   log        Show commit logs\n   show       Show various types of objects\n   status     Show the working tree status\n\ngrow, mark and tweak your common history\n   backfill   Download missing objects in a partial clone\n   branch     List, create, or delete branches\n   commit     Record changes to the repository\n   merge      Join two or more development histories together\n   rebase     Reapply commits on top of another base tip\n   reset      Reset current HEAD to the specified state\n   switch     Switch branches\n   tag        Create, list, delete or verify a tag object signed with GPG\n\ncollaborate (see also: git help workflows)\n   fetch      Download objects and refs from another repository\n   pull       Fetch from and integrate with another repository or a local branch\n   push       Update remote refs along with associated objects\n\n'git help -a' and 'git help -g' list available subcommands and some\nconcept guides. See 'git help <command>' or 'git help <concept>'\nto read about a specific subcommand or concept.\nSee 'git help git' for an overview of the system.\n""
[0m22:56:59.030227 [debug] [MainThread]: STDERR: "b''"
[0m22:56:59.031227 [info ] [MainThread]:  - git [[32mOK found[0m]

[0m22:56:59.033226 [info ] [MainThread]: Connection test skipped since no profile was found
[0m22:56:59.034223 [info ] [MainThread]: [31m1 check failed:[0m
[0m22:56:59.035368 [info ] [MainThread]: Profile loading failed for the following reason:
Runtime Error
  
  dbt encountered an error while trying to read your profiles.yml file.
  
  The profiles.yml file at C:\Users\HP\Desktop\FMN_DE_Project\.dbt\profiles.yml is empty
  


[0m22:56:59.038372 [debug] [MainThread]: Command `dbt debug` failed at 22:56:59.038372 after 2.24 seconds
[0m22:56:59.040372 [debug] [MainThread]: Sending event: {'category': 'dbt', 'action': 'invocation', 'label': 'end', 'context': [<snowplow_tracker.self_describing_json.SelfDescribingJson object at 0x000001BAF9482420>, <snowplow_tracker.self_describing_json.SelfDescribingJson object at 0x000001BAF9D43680>, <snowplow_tracker.self_describing_json.SelfDescribingJson object at 0x000001BAF8CB2E70>]}
[0m22:56:59.041373 [debug] [MainThread]: Flushing usage events
[0m22:57:00.753059 [debug] [MainThread]: An error was encountered while trying to flush usage events
